<?xml version="1.0" encoding="UTF-8"?>
<testsuite xmlns:xsi="http://www.w3.org/2001/XMLSchema-instance" xsi:noNamespaceSchemaLocation="https://maven.apache.org/surefire/maven-surefire-plugin/xsd/surefire-test-report.xsd" name="TestSuite" time="33.161" tests="2" errors="0" skipped="0" failures="0">
  <properties>
[...]
</properties>
  <testcase name="AddItemTest" classname="roi.live.project.AddRemoveItemBasketTest" time="15.26"/>
  <testcase name="endToEndTest" classname="roi.live.project.OrderCompleteTest" time="25.22"/>
</testsuite>