<?xml version="1.0" encoding="UTF-8"?>
<testng-results ignored="0" total="2" passed="2" failed="0" skipped="0">
  <reporter-output>
  </reporter-output>
  <suite started-at="2024-03-05T16:43:41 PST" name="Suite" finished-at="2024-03-05T16:44:14 PST" duration-ms="32730">
    <groups>
    </groups>
    <test started-at="2024-03-05T16:43:41 PST" name="Test" finished-at="2024-03-05T16:44:10 PST" duration-ms="29548">
      <class name="roi.live.project.AddRemoveItemBasketTest">
        <test-method is-config="true" signature="setup()[pri:0, instance:roi.live.project.AddRemoveItemBasketTest@4c9f8c13]" started-at="2024-03-05T16:43:41 PST" name="setup" finished-at="2024-03-05T16:43:48 PST" duration-ms="6988" status="PASS">
          <reporter-output>
          </reporter-output>
        </test-method> <!-- setup -->
        <test-method signature="AddItemTest()[pri:0, instance:roi.live.project.AddRemoveItemBasketTest@4c9f8c13]" started-at="2024-03-05T16:43:48 PST" name="AddItemTest" finished-at="2024-03-05T16:44:03 PST" duration-ms="15260" status="PASS">
          <reporter-output>
          </reporter-output>
        </test-method> <!-- AddItemTest -->
        <test-method is-config="true" signature="tearDown()[pri:0, instance:roi.live.project.AddRemoveItemBasketTest@4c9f8c13]" started-at="2024-03-05T16:44:03 PST" name="tearDown" finished-at="2024-03-05T16:44:10 PST" duration-ms="7274" status="PASS">
          <reporter-output>
          </reporter-output>
        </test-method> <!-- tearDown -->
      </class> <!-- roi.live.project.AddRemoveItemBasketTest -->
    </test> <!-- Test -->
    <test started-at="2024-03-05T16:43:41 PST" name="Test2" finished-at="2024-03-05T16:44:14 PST" duration-ms="32730">
      <class name="roi.live.project.OrderCompleteTest">
        <test-method is-config="true" signature="setup()[pri:0, instance:roi.live.project.OrderCompleteTest@41e36e46]" started-at="2024-03-05T16:43:41 PST" name="setup" finished-at="2024-03-05T16:43:48 PST" duration-ms="6958" status="PASS">
          <reporter-output>
          </reporter-output>
        </test-method> <!-- setup -->
        <test-method signature="endToEndTest()[pri:0, instance:roi.live.project.OrderCompleteTest@41e36e46]" started-at="2024-03-05T16:43:48 PST" name="endToEndTest" finished-at="2024-03-05T16:44:13 PST" duration-ms="25222" status="PASS">
          <reporter-output>
          </reporter-output>
        </test-method> <!-- endToEndTest -->
        <test-method is-config="true" signature="tearDown()[pri:0, instance:roi.live.project.OrderCompleteTest@41e36e46]" started-at="2024-03-05T16:44:13 PST" name="tearDown" finished-at="2024-03-05T16:44:14 PST" duration-ms="498" status="PASS">
          <reporter-output>
          </reporter-output>
        </test-method> <!-- tearDown -->
      </class> <!-- roi.live.project.OrderCompleteTest -->
    </test> <!-- Test2 -->
  </suite> <!-- Suite -->
</testng-results>
